<?xml version="1.0" encoding="UTF-8"?>
<!-- Generated by org.testng.reporters.JUnitReportReporter -->
<testsuite hostname="LAPTOP-IJTKHJ02" failures="0" tests="1" name="testscripts.WindowPopupTest" time="18.189" errors="0" timestamp="2025-01-11T11:30:37 IST" skipped="0">
  <testcase classname="testscripts.WindowPopupTest" name="winpop" time="18.189"/>
  <system-out/>
</testsuite> <!-- testscripts.WindowPopupTest -->
