<?xml version="1.0" encoding="UTF-8"?>
<!-- Generated by org.testng.reporters.JUnitReportReporter -->
<testsuite hostname="LAPTOP-IJTKHJ02" failures="0" tests="1" name="testscripts.DownloadFileTest" time="9.471" errors="0" timestamp="2025-01-08T13:03:12 IST" skipped="0">
  <testcase classname="testscripts.DownloadFileTest" name="filedownload" time="9.471"/>
  <system-out/>
</testsuite> <!-- testscripts.DownloadFileTest -->
