<?xml version="1.0" encoding="UTF-8"?>
<!-- Generated by org.testng.reporters.JUnitReportReporter -->
<testsuite hostname="LAPTOP-IJTKHJ02" failures="0" tests="1" name="testscripts.AlertTest" time="6.971" errors="0" timestamp="2025-01-09T16:06:03 IST" skipped="0">
  <testcase classname="testscripts.AlertTest" name="alertest" time="6.971"/>
  <system-out/>
</testsuite> <!-- testscripts.AlertTest -->
