<?xml version="1.0" encoding="UTF-8"?>
<!-- Generated by org.testng.reporters.JUnitReportReporter -->
<testsuite hostname="LAPTOP-IJTKHJ02" failures="0" tests="1" name="testscripts.RelativeLoacatersTest" time="6.489" errors="0" timestamp="2025-01-06T16:38:43 IST" skipped="0">
  <testcase classname="testscripts.RelativeLoacatersTest" name="f" time="6.489"/>
  <system-out/>
</testsuite> <!-- testscripts.RelativeLoacatersTest -->
