<?xml version="1.0" encoding="UTF-8"?>
<!-- Generated by org.testng.reporters.JUnitReportReporter -->
<testsuite hostname="LAPTOP-IJTKHJ02" failures="0" tests="1" name="testscripts.ShadowDOMTest" time="3.350" errors="0" timestamp="2025-01-09T12:40:15 IST" skipped="0">
  <testcase classname="testscripts.ShadowDOMTest" name="ShadowTest" time="3.350"/>
  <system-out/>
</testsuite> <!-- testscripts.ShadowDOMTest -->
