<?xml version="1.0" encoding="UTF-8"?>
<!-- Generated by org.testng.reporters.JUnitReportReporter -->
<testsuite hostname="LAPTOP-IJTKHJ02" failures="0" tests="1" name="testscripts.GooglePageTest" time="7.310" errors="0" timestamp="2025-01-03T14:46:47 IST" skipped="0">
  <testcase classname="testscripts.GooglePageTest" name="seleniumsearchTest" time="7.310"/>
  <system-out/>
</testsuite> <!-- testscripts.GooglePageTest -->
