<?xml version="1.0" encoding="UTF-8"?>
<!-- Generated by org.testng.reporters.JUnitReportReporter -->
<testsuite hostname="LAPTOP-IJTKHJ02" failures="0" tests="1" name="testscripts.DropdownTest" time="7.833" errors="0" timestamp="2025-01-06T11:09:06 IST" skipped="0">
  <testcase classname="testscripts.DropdownTest" name="selectValue" time="7.833"/>
  <system-out/>
</testsuite> <!-- testscripts.DropdownTest -->
