<?xml version="1.0" encoding="UTF-8"?>
<!-- Generated by org.testng.reporters.JUnitReportReporter -->
<testsuite hostname="LAPTOP-IJTKHJ02" failures="0" tests="1" name="testscripts.MouseActionsTest" time="8.974" errors="0" timestamp="2025-01-11T22:34:07 IST" skipped="0">
  <testcase classname="testscripts.MouseActionsTest" name="mouseactions" time="8.974"/>
  <system-out/>
</testsuite> <!-- testscripts.MouseActionsTest -->
