<?xml version="1.0" encoding="UTF-8"?>
<!-- Generated by org.testng.reporters.JUnitReportReporter -->
<testsuite hostname="LAPTOP-IJTKHJ02" failures="0" tests="1" name="testscripts.PropertyFileTest" time="4.372" errors="0" timestamp="2025-01-12T21:07:19 IST" skipped="0">
  <testcase classname="testscripts.PropertyFileTest" name="validLoginPopertyTest" time="4.372"/>
  <system-out/>
</testsuite> <!-- testscripts.PropertyFileTest -->
