<?xml version="1.0" encoding="UTF-8"?>
<!-- Generated by org.testng.reporters.JUnitReportReporter -->
<testsuite hostname="LAPTOP-IJTKHJ02" failures="0" tests="1" name="testscripts.AutoCompleteTest" time="13.040" errors="0" timestamp="2025-01-11T15:46:21 IST" skipped="0">
  <testcase classname="testscripts.AutoCompleteTest" name="f" time="13.040"/>
  <system-out/>
</testsuite> <!-- testscripts.AutoCompleteTest -->
