<?xml version="1.0" encoding="UTF-8"?>
<!-- Generated by org.testng.reporters.JUnitReportReporter -->
<testsuite hostname="LAPTOP-IJTKHJ02" failures="0" tests="1" name="testscripts.GooglePageTest" time="6.211" errors="0" timestamp="2025-01-05T14:18:28 IST" skipped="0">
  <testcase classname="testscripts.GooglePageTest" name="seleniumsearchTest" time="6.211"/>
  <system-out/>
</testsuite> <!-- testscripts.GooglePageTest -->
