<?xml version="1.0" encoding="UTF-8"?>
<!-- Generated by org.testng.reporters.JUnitReportReporter -->
<testsuite hostname="LAPTOP-IJTKHJ02" failures="0" tests="1" name="parallelscripts.SampleThreeTest" time="0.001" errors="0" timestamp="2025-01-12T10:57:05 IST" skipped="0">
  <testcase classname="parallelscripts.SampleThreeTest" name="testfour" time="0.001"/>
  <system-out/>
</testsuite> <!-- parallelscripts.SampleThreeTest -->
