<?xml version="1.0" encoding="UTF-8"?>
<!-- Generated by org.testng.reporters.JUnitReportReporter -->
<testsuite hostname="LAPTOP-IJTKHJ02" failures="0" tests="1" name="testscripts.LoginTest" time="12.451" errors="0" timestamp="2025-01-05T12:04:59 IST" skipped="0">
  <testcase classname="testscripts.LoginTest" name="validLogin" time="12.451"/>
  <system-out/>
</testsuite> <!-- testscripts.LoginTest -->
