<?xml version="1.0" encoding="UTF-8"?>
<!-- Generated by org.testng.reporters.JUnitReportReporter -->
<testsuite hostname="LAPTOP-IJTKHJ02" failures="0" tests="1" name="parallelscripts.SampleOneTest" time="0.006" errors="0" timestamp="2025-01-12T10:57:05 IST" skipped="0">
  <testcase classname="parallelscripts.SampleOneTest" name="testtwo" time="0.006"/>
  <system-out/>
</testsuite> <!-- parallelscripts.SampleOneTest -->
