<?xml version="1.0" encoding="UTF-8"?>
<!-- Generated by org.testng.reporters.JUnitReportReporter -->
<testsuite hostname="LAPTOP-IJTKHJ02" failures="0" tests="1" name="testscripts.RadiCheckBoxTest" time="16.613" errors="0" timestamp="2025-01-06T10:44:41 IST" skipped="0">
  <testcase classname="testscripts.RadiCheckBoxTest" name="f" time="16.613"/>
  <system-out/>
</testsuite> <!-- testscripts.RadiCheckBoxTest -->
