<?xml version="1.0" encoding="UTF-8"?>
<!-- Generated by org.testng.reporters.JUnitReportReporter -->
<testsuite hostname="LAPTOP-IJTKHJ02" failures="0" tests="1" name="testscripts.LoginTest" time="8.249" errors="0" timestamp="2025-01-11T22:34:07 IST" skipped="0">
  <testcase classname="testscripts.LoginTest" name="validLogin" time="8.249"/>
  <system-out/>
</testsuite> <!-- testscripts.LoginTest -->
