<?xml version="1.0" encoding="UTF-8"?>
<!-- Generated by org.testng.reporters.JUnitReportReporter -->
<testsuite hostname="LAPTOP-IJTKHJ02" failures="0" tests="2" name="testscripts.CDPTest" time="9.396" errors="0" timestamp="2025-01-14T16:30:15 IST" skipped="0">
  <testcase classname="testscripts.CDPTest" name="geoLocationTest" time="7.041"/>
  <system-out/>
  <testcase classname="testscripts.CDPTest" name="devicemodeTest" time="2.355"/>
  <system-out/>
</testsuite> <!-- testscripts.CDPTest -->
