<?xml version="1.0" encoding="UTF-8"?>
<!-- Generated by org.testng.reporters.JUnitReportReporter -->
<testsuite hostname="LAPTOP-IJTKHJ02" failures="0" tests="1" name="testscripts.DisplayTest" time="6.996" errors="0" timestamp="2025-01-05T18:28:37 IST" skipped="0">
  <testcase classname="testscripts.DisplayTest" name="f" time="6.996"/>
  <system-out/>
</testsuite> <!-- testscripts.DisplayTest -->
