<?xml version="1.0" encoding="UTF-8"?>
<!-- Generated by org.testng.reporters.JUnitReportReporter -->
<testsuite hostname="LAPTOP-IJTKHJ02" failures="0" tests="3" name="testscripts.DataDriveCSVTest" time="24.998" errors="0" timestamp="2025-01-14T14:23:02 IST" skipped="0">
  <testcase classname="testscripts.DataDriveCSVTest" name="validLogin" time="6.725"/>
  <system-out/>
  <testcase classname="testscripts.DataDriveCSVTest" name="validLogin" time="12.591"/>
  <system-out/>
  <testcase classname="testscripts.DataDriveCSVTest" name="validLogin" time="5.682"/>
  <system-out/>
</testsuite> <!-- testscripts.DataDriveCSVTest -->
