<?xml version="1.0" encoding="UTF-8"?>
<!-- Generated by org.testng.reporters.JUnitReportReporter -->
<testsuite hostname="LAPTOP-IJTKHJ02" failures="0" tests="4" name="parallescripts.SampleThreeTest" time="8.169" errors="0" timestamp="2025-01-12T15:55:59 IST" skipped="0">
  <testcase classname="parallescripts.SampleThreeTest" name="testfour" time="2.502"/>
  <system-out/>
  <testcase classname="parallescripts.SampleThreeTest" name="testone" time="1.776"/>
  <system-out/>
  <testcase classname="parallescripts.SampleThreeTest" name="testhree" time="2.178"/>
  <system-out/>
  <testcase classname="parallescripts.SampleThreeTest" name="testtwo" time="1.713"/>
  <system-out/>
</testsuite> <!-- parallescripts.SampleThreeTest -->
