<?xml version="1.0" encoding="UTF-8"?>
<!-- Generated by org.testng.reporters.JUnitReportReporter -->
<testsuite hostname="LAPTOP-IJTKHJ02" failures="0" tests="1" name="testscripts.FileUploadTest" time="4.007" errors="0" timestamp="2025-01-07T11:22:57 IST" skipped="0">
  <testcase classname="testscripts.FileUploadTest" name="f" time="4.007"/>
  <system-out/>
</testsuite> <!-- testscripts.FileUploadTest -->
