<?xml version="1.0" encoding="UTF-8"?>
<!-- Generated by org.testng.reporters.JUnitReportReporter -->
<testsuite hostname="LAPTOP-IJTKHJ02" failures="0" tests="1" name="testscripts.ParametrizationTest" time="5.732" errors="0" timestamp="2025-01-12T12:21:39 IST" skipped="0">
  <testcase classname="testscripts.ParametrizationTest" name="validLogin" time="5.732"/>
  <system-out/>
</testsuite> <!-- testscripts.ParametrizationTest -->
