<?xml version="1.0" encoding="UTF-8"?>
<!-- Generated by org.testng.reporters.JUnitReportReporter -->
<testsuite hostname="LAPTOP-IJTKHJ02" failures="0" tests="4" name="parallescripts.SampleTwoTest" time="19.814" errors="0" timestamp="2025-01-12T15:55:59 IST" skipped="0">
  <testcase classname="parallescripts.SampleTwoTest" name="testfour" time="3.650"/>
  <system-out/>
  <testcase classname="parallescripts.SampleTwoTest" name="testtwo" time="6.375"/>
  <system-out/>
  <testcase classname="parallescripts.SampleTwoTest" name="testone" time="5.535"/>
  <system-out/>
  <testcase classname="parallescripts.SampleTwoTest" name="testhree" time="4.254"/>
  <system-out/>
</testsuite> <!-- parallescripts.SampleTwoTest -->
