<?xml version="1.0" encoding="UTF-8"?>
<!-- Generated by org.testng.reporters.JUnitReportReporter -->
<testsuite hostname="LAPTOP-IJTKHJ02" failures="0" tests="6" name="parallescripts.SampleOneTestt" time="14.351" errors="0" timestamp="2025-01-12T16:16:17 IST" skipped="0">
  <testcase classname="parallescripts.SampleOneTestt" name="testfour" time="2.161"/>
  <system-out/>
  <testcase classname="parallescripts.SampleOneTestt" name="testfour" time="2.039"/>
  <system-out/>
  <testcase classname="parallescripts.SampleOneTestt" name="testfour" time="2.700"/>
  <system-out/>
  <testcase classname="parallescripts.SampleOneTestt" name="testfour" time="2.261"/>
  <system-out/>
  <testcase classname="parallescripts.SampleOneTestt" name="testfour" time="2.490"/>
  <system-out/>
  <testcase classname="parallescripts.SampleOneTestt" name="testfour" time="2.700"/>
  <system-out/>
</testsuite> <!-- parallescripts.SampleOneTestt -->
