<?xml version="1.0" encoding="UTF-8"?>
<!-- Generated by org.testng.reporters.JUnitReportReporter -->
<testsuite hostname="LAPTOP-IJTKHJ02" failures="0" tests="1" name="testscripts.IframeTest" time="11.128" errors="0" timestamp="2025-01-11T12:21:43 IST" skipped="0">
  <testcase classname="testscripts.IframeTest" name="f" time="11.128"/>
  <system-out/>
</testsuite> <!-- testscripts.IframeTest -->
