<?xml version="1.0" encoding="UTF-8"?>
<!-- Generated by org.testng.reporters.JUnitReportReporter -->
<testsuite hostname="LAPTOP-IJTKHJ02" failures="0" tests="1" name="testscripts.MouseActionsTest" time="9.302" errors="0" timestamp="2025-01-06T16:02:37 IST" skipped="0">
  <testcase classname="testscripts.MouseActionsTest" name="mouseactions" time="9.302"/>
  <system-out/>
</testsuite> <!-- testscripts.MouseActionsTest -->
