<?xml version="1.0" encoding="UTF-8"?>
<!-- Generated by org.testng.reporters.JUnitReportReporter -->
<testsuite hostname="LAPTOP-IJTKHJ02" failures="0" tests="1" name="testscripts.WebTableTest" time="6.445" errors="0" timestamp="2025-01-05T10:59:46 IST" skipped="0">
  <testcase classname="testscripts.WebTableTest" name="VerifyBookDetails" time="6.445"/>
  <system-out/>
</testsuite> <!-- testscripts.WebTableTest -->
